<?xml version="1.0" encoding="UTF-8"?>
<!-- Generated by org.testng.reporters.JUnitReportReporter -->
<testsuite skipped="0" hostname="RGANAPATHI" name="com.sample.maven.maven_demo" tests="1" failures="0" timestamp="2021-04-21T22:52:27 IST" time="0.019" errors="0">
  <testcase name="login" time="0.019" classname="com.sample.maven.maven_demo"/>
  <system-out/>
</testsuite> <!-- com.sample.maven.maven_demo -->
